TN:
SF:/home/tjdmoi/Escritorio/primerParcialESD/main.c
FN:24,leer_archivo_csv
FNDA:1,leer_archivo_csv
FN:52,generar_matriz
FNDA:1,generar_matriz
FN:60,transponer_matrices
FNDA:1,transponer_matrices
FN:69,multiplicar_matrices
FNDA:1,multiplicar_matrices
FN:87,integrantes
FNDA:1,integrantes
FN:91,__nomain
FNDA:0,__nomain
FNF:6
FNH:5
DA:24,1
DA:25,1
DA:26,1
DA:27,1
DA:29,0
DA:30,0
DA:31,0
DA:32,0
DA:33,0
DA:34,0
DA:35,0
DA:36,0
DA:37,0
DA:38,0
DA:39,0
DA:40,0
DA:41,0
DA:42,0
DA:43,0
DA:45,0
DA:46,0
DA:47,0
DA:49,1
DA:52,1
DA:53,1
DA:54,0
DA:55,0
DA:58,1
DA:60,1
DA:61,1
DA:62,0
DA:63,0
DA:66,1
DA:69,1
DA:75,60
DA:76,3540
DA:77,3481
DA:78,24367
DA:79,20886
DA:81,3481
DA:84,1
DA:87,1
DA:88,1
DA:91,0
DA:92,0
DA:93,0
DA:94,0
DA:95,0
DA:96,0
DA:97,0
LF:50
LH:21
end_of_record
TN:
SF:/home/tjdmoi/Escritorio/primerParcialESD/tests/newcunittest.c
FN:16,init_suite
FNDA:1,init_suite
FN:20,clean_suite
FNDA:1,clean_suite
FN:26,testLeer_archivo_csv
FNDA:1,testLeer_archivo_csv
FN:36,testGenerar_matriz
FNDA:1,testGenerar_matriz
FN:45,testTransponer_matrices
FNDA:1,testTransponer_matrices
FN:54,testMultiplicar_matrices
FNDA:1,testMultiplicar_matrices
FN:63,testIntegrantes
FNDA:1,testIntegrantes
FN:70,main
FNDA:1,main
FNF:8
FNH:8
DA:16,1
DA:17,1
DA:20,1
DA:21,1
DA:26,1
DA:27,1
DA:28,1
DA:30,1
DA:32,1
DA:36,1
DA:37,1
DA:39,1
DA:41,1
DA:45,1
DA:46,1
DA:48,1
DA:50,1
DA:54,1
DA:55,1
DA:57,1
DA:59,1
DA:63,1
DA:64,1
DA:66,1
DA:68,1
DA:70,1
DA:71,1
DA:74,1
DA:75,0
DA:78,1
DA:79,1
DA:80,0
DA:81,0
DA:85,2
DA:86,2
DA:87,2
DA:88,2
DA:89,1
DA:90,0
DA:91,0
DA:95,1
DA:96,1
DA:97,1
DA:98,1
LF:44
LH:39
end_of_record
TN:
SF:/home/tjdmoi/Escritorio/primerParcialESD/main.c
FN:24,leer_archivo_csv
FNDA:1,leer_archivo_csv
FN:52,generar_matriz
FNDA:1,generar_matriz
FN:60,transponer_matrices
FNDA:1,transponer_matrices
FN:69,multiplicar_matrices
FNDA:1,multiplicar_matrices
FN:87,integrantes
FNDA:1,integrantes
FN:91,main
FNDA:1,main
FNF:6
FNH:6
DA:24,1
DA:25,1
DA:26,1
DA:27,1
DA:29,61
DA:30,61
DA:31,61
DA:32,61
DA:33,61
DA:34,61
DA:35,61
DA:36,61
DA:37,480
DA:38,419
DA:39,419
DA:40,419
DA:41,419
DA:42,419
DA:43,419
DA:45,61
DA:46,61
DA:47,1
DA:49,1
DA:52,1
DA:53,60
DA:54,413
DA:55,354
DA:58,1
DA:60,1
DA:61,60
DA:62,413
DA:63,354
DA:66,1
DA:69,1
DA:75,60
DA:76,3540
DA:77,3481
DA:78,24367
DA:79,20886
DA:81,3481
DA:84,1
DA:87,1
DA:88,1
DA:91,1
DA:92,1
DA:93,1
DA:94,1
DA:95,1
DA:96,1
DA:97,1
LF:50
LH:50
end_of_record
